JUnit version 4.13.2
..E.E...E.
Time: 1.206
There were 3 failures:
1) testFilterRetainsOrderOfInput(TestListExamples)
org.junit.ComparisonFailure: expected:<[A]> but was:<[B]>
	at org.junit.Assert.assertEquals(Assert.java:117)
	at org.junit.Assert.assertEquals(Assert.java:146)
	at TestListExamples.testFilterRetainsOrderOfInput(TestListExamples.java:70)
2) testMergeRightEnd(TestListExamples)
org.junit.runners.model.TestTimedOutException: test timed out after 500 milliseconds
	at app//ListExamples.merge(ListExamples.java:43)
	at app//TestListExamples.testMergeRightEnd(TestListExamples.java:29)
3) testMergeAllIncluded(TestListExamples)
org.junit.runners.model.TestTimedOutException: test timed out after 500 milliseconds
	at java.base@11.0.20.1/java.util.Arrays.copyOf(Arrays.java:3689)
	at java.base@11.0.20.1/java.util.ArrayList.grow(ArrayList.java:238)
	at java.base@11.0.20.1/java.util.ArrayList.grow(ArrayList.java:243)
	at java.base@11.0.20.1/java.util.ArrayList.add(ArrayList.java:486)
	at java.base@11.0.20.1/java.util.ArrayList.add(ArrayList.java:499)
	at app//ListExamples.merge(ListExamples.java:42)
	at app//TestListExamples.testMergeAllIncluded(TestListExamples.java:38)

FAILURES!!!
Tests run: 7,  Failures: 3

